c:\users\이원주\source\repos\windowsproject1\windowsproject1\x64\debug\vc143.pdb
c:\users\이원주\source\repos\windowsproject1\windowsproject1\x64\debug\vc143.idb
c:\users\이원주\source\repos\windowsproject1\windowsproject1\x64\debug\windowsproject1.obj
c:\users\이원주\source\repos\windowsproject1\windowsproject1\x64\debug\windowsproject1.res
c:\users\이원주\source\repos\windowsproject1\windowsproject1\x64\debug\windowsproject1.exe.embed.manifest.res
c:\users\이원주\source\repos\windowsproject1\windowsproject1\x64\debug\windowsproject1.ilk
c:\users\이원주\source\repos\windowsproject1\windowsproject1\x64\debug\windowsproject1.exe.embed.manifest
c:\users\이원주\source\repos\windowsproject1\windowsproject1\x64\debug\windowsproject1_manifest.rc
c:\users\이원주\source\repos\windowsproject1\x64\debug\windowsproject1.pdb
c:\users\이원주\source\repos\windowsproject1\windowsproject1\x64\debug\windowsproject1.tlog\cl.command.1.tlog
c:\users\이원주\source\repos\windowsproject1\windowsproject1\x64\debug\windowsproject1.tlog\cl.items.tlog
c:\users\이원주\source\repos\windowsproject1\windowsproject1\x64\debug\windowsproject1.tlog\cl.read.1.tlog
c:\users\이원주\source\repos\windowsproject1\windowsproject1\x64\debug\windowsproject1.tlog\cl.write.1.tlog
c:\users\이원주\source\repos\windowsproject1\windowsproject1\x64\debug\windowsproject1.tlog\link-mt.read.1.tlog
c:\users\이원주\source\repos\windowsproject1\windowsproject1\x64\debug\windowsproject1.tlog\link.command.1.tlog
c:\users\이원주\source\repos\windowsproject1\windowsproject1\x64\debug\windowsproject1.tlog\link.read.1.tlog
c:\users\이원주\source\repos\windowsproject1\windowsproject1\x64\debug\windowsproject1.tlog\link.read.2.tlog
c:\users\이원주\source\repos\windowsproject1\windowsproject1\x64\debug\windowsproject1.tlog\link.secondary.1.tlog
c:\users\이원주\source\repos\windowsproject1\windowsproject1\x64\debug\windowsproject1.tlog\link.write.1.tlog
c:\users\이원주\source\repos\windowsproject1\windowsproject1\x64\debug\windowsproject1.tlog\rc.command.1.tlog
c:\users\이원주\source\repos\windowsproject1\windowsproject1\x64\debug\windowsproject1.tlog\rc.read.1.tlog
c:\users\이원주\source\repos\windowsproject1\windowsproject1\x64\debug\windowsproject1.tlog\rc.write.1.tlog
